2026-02-27 21:31:50,111 - INFO - Configuration saved successfully.
2026-02-27 21:31:50,116 - INFO - Starting intelligent download for https://ledinhtuan.com/
2026-02-27 21:31:50,120 - INFO - 🚀 Initializing WebGrabber v1.0...
2026-02-27 21:31:50,150 - INFO - 🔍 Analyzing URL: https://ledinhtuan.com/
2026-02-27 21:31:50,799 - INFO - 🎯 Detected Platform: Vercel (paas)
2026-02-27 21:31:50,817 - INFO - ⚙️ Strategy: PaasStrategy
2026-02-27 21:31:51,251 - INFO - 📥 Downloading...
2026-02-27 21:31:51,261 - INFO - Executing PaasStrategy for vercel...
2026-02-27 21:31:51,262 - INFO - No saved token for vercel. Requesting from user.
2026-02-27 21:31:51,263 - INFO - ACTION REQUIRED: Please provide a token for Vercel
2026-02-27 21:33:40,776 - INFO - ❌ Error: window ".!_querystring" was deleted before its visibility changed
2026-02-27 21:33:40,816 - INFO - ❌ An error occurred: window ".!_querystring" was deleted before its visibility changed
Traceback (most recent call last):
  File "C:\Users\kirit\Downloads\tool-dow-code\webgrabber\webgrabber\core\gui.py", line 229, in run_async
    file_tree = asyncio.run(
        run_intelligent_capture(
    ...<5 lines>...
        )
    )
  File "C:\Program Files\Python313\Lib\asyncio\runners.py", line 194, in run
    return runner.run(main)
           ~~~~~~~~~~^^^^^^
  File "C:\Program Files\Python313\Lib\asyncio\runners.py", line 118, in run
    return self._loop.run_until_complete(task)
           ~~~~~~~~~~~~~~~~~~~~~~~~~~~~~^^^^^^
  File "C:\Program Files\Python313\Lib\asyncio\base_events.py", line 720, in run_until_complete
    return future.result()
           ~~~~~~~~~~~~~^^
  File "C:\Users\kirit\Downloads\tool-dow-code\webgrabber\webgrabber\core\orchestrator.py", line 83, in run_intelligent_capture
    file_tree = await strategy_instance.download()
                ^^^^^^^^^^^^^^^^^^^^^^^^^^^^^^^^^^
  File "C:\Users\kirit\Downloads\tool-dow-code\webgrabber\webgrabber\strategies\paas_strategy.py", line 54, in download
    token = self.token_callback(self.platform)
  File "C:\Users\kirit\Downloads\tool-dow-code\webgrabber\webgrabber\core\gui.py", line 160, in _prompt_for_token
    token = simpledialog.askstring(
        f"{platform.title()} Token Required",
    ...<2 lines>...
        show='*'
    )
  File "C:\Program Files\Python313\Lib\tkinter\simpledialog.py", line 411, in askstring
    d = _QueryString(title, prompt, **kw)
  File "C:\Program Files\Python313\Lib\tkinter\simpledialog.py", line 388, in __init__
    _QueryDialog.__init__(self, *args, **kw)
    ~~~~~~~~~~~~~~~~~~~~~^^^^^^^^^^^^^^^^^^^
  File "C:\Program Files\Python313\Lib\tkinter\simpledialog.py", line 283, in __init__
    Dialog.__init__(self, parent, title)
    ~~~~~~~~~~~~~~~^^^^^^^^^^^^^^^^^^^^^
  File "C:\Program Files\Python313\Lib\tkinter\simpledialog.py", line 143, in __init__
    self.wait_visibility()
    ~~~~~~~~~~~~~~~~~~~~^^
  File "C:\Program Files\Python313\Lib\tkinter\__init__.py", line 753, in wait_visibility
    self.tk.call('tkwait', 'visibility', window._w)
    ~~~~~~~~~~~~^^^^^^^^^^^^^^^^^^^^^^^^^^^^^^^^^^^
_tkinter.TclError: window ".!_querystring" was deleted before its visibility changed

2026-02-27 21:35:42,331 - INFO - Configuration saved successfully.
2026-02-27 21:35:42,332 - INFO - Starting intelligent download for https://ledinhtuan.com/
2026-02-27 21:35:42,338 - INFO - 🚀 Initializing WebGrabber v1.0...
2026-02-27 21:35:42,360 - INFO - 🔍 Analyzing URL: https://ledinhtuan.com/
2026-02-27 21:35:43,374 - INFO - 🎯 Detected Platform: Vercel (paas)
2026-02-27 21:35:43,398 - INFO - ⚙️ Strategy: PaasStrategy
2026-02-27 21:35:43,870 - INFO - 📥 Downloading...
2026-02-27 21:35:43,880 - INFO - Executing PaasStrategy for vercel...
2026-02-27 21:35:43,884 - INFO - No saved token for vercel. Requesting from user.
2026-02-27 21:35:43,888 - INFO - ACTION REQUIRED: Please provide a token for Vercel
2026-02-27 21:35:50,675 - INFO - Securely saved token for platform: vercel
2026-02-27 21:35:51,783 - INFO - ❌ Error: Failed to get Vercel deployment info: {"error":{"code":"not_found","message":"Deployment not found"}}
2026-02-27 21:35:51,797 - INFO - ❌ An error occurred: Failed to get Vercel deployment info: {"error":{"code":"not_found","message":"Deployment not found"}}
Traceback (most recent call last):
  File "C:\Users\kirit\Downloads\tool-dow-code\webgrabber\webgrabber\core\gui.py", line 242, in run_async
    file_tree = asyncio.run(
        run_intelligent_capture(
    ...<5 lines>...
        )
    )
  File "C:\Program Files\Python313\Lib\asyncio\runners.py", line 194, in run
    return runner.run(main)
           ~~~~~~~~~~^^^^^^
  File "C:\Program Files\Python313\Lib\asyncio\runners.py", line 118, in run
    return self._loop.run_until_complete(task)
           ~~~~~~~~~~~~~~~~~~~~~~~~~~~~~^^^^^^
  File "C:\Program Files\Python313\Lib\asyncio\base_events.py", line 720, in run_until_complete
    return future.result()
           ~~~~~~~~~~~~~^^
  File "C:\Users\kirit\Downloads\tool-dow-code\webgrabber\webgrabber\core\orchestrator.py", line 83, in run_intelligent_capture
    file_tree = await strategy_instance.download()
                ^^^^^^^^^^^^^^^^^^^^^^^^^^^^^^^^^^
  File "C:\Users\kirit\Downloads\tool-dow-code\webgrabber\webgrabber\strategies\paas_strategy.py", line 61, in download
    return await self._download_vercel(token)
           ^^^^^^^^^^^^^^^^^^^^^^^^^^^^^^^^^^
  File "C:\Users\kirit\Downloads\tool-dow-code\webgrabber\webgrabber\strategies\paas_strategy.py", line 84, in _download_vercel
    raise Exception(f"Failed to get Vercel deployment info: {await resp.text()}")
Exception: Failed to get Vercel deployment info: {"error":{"code":"not_found","message":"Deployment not found"}}

2026-02-27 21:37:41,047 - INFO - Configuration saved successfully.
2026-02-27 21:37:41,049 - INFO - Starting intelligent download for https://ledinhtuan.com/
2026-02-27 21:37:41,054 - INFO - 🚀 Initializing WebGrabber v1.0...
2026-02-27 21:37:41,076 - INFO - 🔍 Analyzing URL: https://ledinhtuan.com/
2026-02-27 21:37:41,619 - INFO - 🎯 Detected Platform: Vercel (paas)
2026-02-27 21:37:41,635 - INFO - ⚙️ Strategy: PaasStrategy
2026-02-27 21:37:42,208 - INFO - 📥 Downloading...
2026-02-27 21:37:42,218 - INFO - Executing PaasStrategy for vercel...
2026-02-27 21:37:43,175 - INFO - ⚠️ PaasStrategy failed: Failed to get Vercel deployment info: {"error":{"code":"not_found","message":"Deployment not found"}}
2026-02-27 21:37:43,179 - INFO - 🔄 Falling back to WebsiteCaptureStrategy...
2026-02-27 21:37:43,193 - INFO - 🌐 Executing WebsiteCaptureStrategy for https://ledinhtuan.com/
2026-02-27 21:37:43,198 - INFO - 📡 Phase 1: Deep crawling with network interception...
2026-02-27 21:37:43,215 - INFO - 🚀 Starting deep source code extraction...
2026-02-27 21:37:43,215 - INFO - 🚀 Starting deep source code extraction...
2026-02-27 21:37:53,957 - INFO - 🔍 Crawling page: https://ledinhtuan.com
2026-02-27 21:37:53,957 - INFO - 🔍 Crawling page: https://ledinhtuan.com
2026-02-27 21:38:10,407 - INFO - Failed to save https://ledinhtuan.com/dich-vu?_rsc=1r34m: [Errno 13] Permission denied: 'C:\\Users\\kirit\\Downloads\\test\\dich-vu'
2026-02-27 21:38:11,213 - INFO - 🔍 Crawling page: https://ledinhtuan.com/du-an
2026-02-27 21:38:11,214 - INFO - 🔍 Crawling page: https://ledinhtuan.com/du-an
2026-02-27 21:38:13,829 - INFO - Failed to save https://ledinhtuan.com/du-an/iba-nutrition-sport?_rsc=17t7g: [WinError 183] Cannot create a file when that file already exists: 'C:\\Users\\kirit\\Downloads\\test\\du-an'
2026-02-27 21:38:13,993 - INFO - Failed to save https://ledinhtuan.com/du-an/nong-farm-to-grill?_rsc=17t7g: [WinError 183] Cannot create a file when that file already exists: 'C:\\Users\\kirit\\Downloads\\test\\du-an'
2026-02-27 21:38:14,053 - INFO - Failed to save https://ledinhtuan.com/du-an/ruby-homes-group?_rsc=17t7g: [WinError 183] Cannot create a file when that file already exists: 'C:\\Users\\kirit\\Downloads\\test\\du-an'
2026-02-27 21:38:14,091 - INFO - Failed to save https://ledinhtuan.com/du-an/khoai-lang-nuong?_rsc=17t7g: [WinError 183] Cannot create a file when that file already exists: 'C:\\Users\\kirit\\Downloads\\test\\du-an'
2026-02-27 21:38:14,134 - INFO - Failed to save https://ledinhtuan.com/du-an/xago-design?_rsc=17t7g: [WinError 183] Cannot create a file when that file already exists: 'C:\\Users\\kirit\\Downloads\\test\\du-an'
2026-02-27 21:38:14,357 - INFO - Failed to save https://ledinhtuan.com/du-an/chau-tot-composite?_rsc=17t7g: [WinError 183] Cannot create a file when that file already exists: 'C:\\Users\\kirit\\Downloads\\test\\du-an'
2026-02-27 21:38:14,813 - INFO - Failed to save https://ledinhtuan.com/du-an/khoai-lang-nuong?_rsc=tipf7: [WinError 183] Cannot create a file when that file already exists: 'C:\\Users\\kirit\\Downloads\\test\\du-an'
2026-02-27 21:38:18,695 - INFO - Failed to save https://ledinhtuan.com/du-an/sao-bien-cam-ranh?_rsc=17t7g: [WinError 183] Cannot create a file when that file already exists: 'C:\\Users\\kirit\\Downloads\\test\\du-an'
2026-02-27 21:38:18,697 - INFO - Failed to save https://ledinhtuan.com/du-an/tra-long-dinh?_rsc=17t7g: [WinError 183] Cannot create a file when that file already exists: 'C:\\Users\\kirit\\Downloads\\test\\du-an'
2026-02-27 21:38:18,706 - INFO - Failed to save https://ledinhtuan.com/du-an/leo-speaking?_rsc=17t7g: [WinError 183] Cannot create a file when that file already exists: 'C:\\Users\\kirit\\Downloads\\test\\du-an'
2026-02-27 21:38:18,817 - INFO - Failed to save https://ledinhtuan.com/du-an/pet-by-lucy?_rsc=17t7g: [WinError 183] Cannot create a file when that file already exists: 'C:\\Users\\kirit\\Downloads\\test\\du-an'
2026-02-27 21:38:19,067 - INFO - Failed to save https://ledinhtuan.com/du-an/leo-marketing?_rsc=17t7g: [WinError 183] Cannot create a file when that file already exists: 'C:\\Users\\kirit\\Downloads\\test\\du-an'
2026-02-27 21:38:19,069 - INFO - Failed to save https://ledinhtuan.com/du-an/tayama-usa?_rsc=17t7g: [WinError 183] Cannot create a file when that file already exists: 'C:\\Users\\kirit\\Downloads\\test\\du-an'
2026-02-27 21:38:19,168 - INFO - Failed to save https://ledinhtuan.com/du-an/solar-xanh?_rsc=17t7g: [WinError 183] Cannot create a file when that file already exists: 'C:\\Users\\kirit\\Downloads\\test\\du-an'
2026-02-27 21:38:19,252 - INFO - Failed to save https://ledinhtuan.com/dich-vu?_rsc=17t7g: [Errno 13] Permission denied: 'C:\\Users\\kirit\\Downloads\\test\\dich-vu'
2026-02-27 21:38:19,828 - INFO - Failed to save https://ledinhtuan.com/du-an/tra-long-dinh?_rsc=tipf7: [WinError 183] Cannot create a file when that file already exists: 'C:\\Users\\kirit\\Downloads\\test\\du-an'
2026-02-27 21:38:20,427 - INFO - 🔍 Crawling page: https://ledinhtuan.com/posts
2026-02-27 21:38:20,428 - INFO - 🔍 Crawling page: https://ledinhtuan.com/posts
2026-02-27 21:38:22,293 - INFO - Failed to save https://ledinhtuan.com/posts/ra-mat-chinh-thuc-website-ledinhtuan-com-noi-sang-tao-cham-trai-nghiem?_rsc=181li: [WinError 183] Cannot create a file when that file already exists: 'C:\\Users\\kirit\\Downloads\\test\\posts'
2026-02-27 21:38:22,695 - INFO - Failed to save https://ledinhtuan.com/posts/ra-mat-chinh-thuc-website-ledinhtuan-com-noi-sang-tao-cham-trai-nghiem?_rsc=mbg7b: [WinError 183] Cannot create a file when that file already exists: 'C:\\Users\\kirit\\Downloads\\test\\posts'
2026-02-27 21:38:22,818 - INFO - Failed to save https://ledinhtuan.com/posts/ra-mat-chinh-thuc-website-ledinhtuan-com-noi-sang-tao-cham-trai-nghiem?_rsc=10511: [WinError 183] Cannot create a file when that file already exists: 'C:\\Users\\kirit\\Downloads\\test\\posts'
2026-02-27 21:38:22,915 - INFO - Failed to save https://ledinhtuan.com/posts/ra-mat-chinh-thuc-website-ledinhtuan-com-noi-sang-tao-cham-trai-nghiem?_rsc=geey5: [WinError 183] Cannot create a file when that file already exists: 'C:\\Users\\kirit\\Downloads\\test\\posts'
2026-02-27 21:38:22,950 - INFO - Failed to save https://ledinhtuan.com/posts/ra-mat-chinh-thuc-website-ledinhtuan-com-noi-sang-tao-cham-trai-nghiem?_rsc=1me1c: [WinError 183] Cannot create a file when that file already exists: 'C:\\Users\\kirit\\Downloads\\test\\posts'
2026-02-27 21:38:25,026 - INFO - Failed to save https://ledinhtuan.com/dich-vu?_rsc=181li: [Errno 13] Permission denied: 'C:\\Users\\kirit\\Downloads\\test\\dich-vu'
2026-02-27 21:38:26,172 - INFO - 🔍 Crawling page: https://ledinhtuan.com/quy-trinh-lam-viec
2026-02-27 21:38:26,172 - INFO - 🔍 Crawling page: https://ledinhtuan.com/quy-trinh-lam-viec
2026-02-27 21:38:27,504 - INFO - Failed to save https://ledinhtuan.com/dich-vu?_rsc=1o68s: [Errno 13] Permission denied: 'C:\\Users\\kirit\\Downloads\\test\\dich-vu'
2026-02-27 21:38:31,675 - INFO - Failed to save https://ledinhtuan.com/dich-vu?_rsc=1qqy5: [Errno 13] Permission denied: 'C:\\Users\\kirit\\Downloads\\test\\dich-vu'
2026-02-27 21:38:31,983 - INFO - 🔍 Crawling page: https://ledinhtuan.com/dich-vu/landing-page
2026-02-27 21:38:31,983 - INFO - 🔍 Crawling page: https://ledinhtuan.com/dich-vu/landing-page
2026-02-27 21:38:35,465 - INFO - Failed to save https://ledinhtuan.com/dich-vu?_rsc=18nbc: [Errno 13] Permission denied: 'C:\\Users\\kirit\\Downloads\\test\\dich-vu'
2026-02-27 21:38:36,124 - INFO - Failed to save https://ledinhtuan.com/dich-vu?_rsc=7ptuj: [Errno 13] Permission denied: 'C:\\Users\\kirit\\Downloads\\test\\dich-vu'
2026-02-27 21:38:36,133 - INFO - Failed to save https://ledinhtuan.com/dich-vu?_rsc=1wnxm: [Errno 13] Permission denied: 'C:\\Users\\kirit\\Downloads\\test\\dich-vu'
2026-02-27 21:38:36,436 - INFO - Failed to save https://ledinhtuan.com/dich-vu?_rsc=z1q0f: [Errno 13] Permission denied: 'C:\\Users\\kirit\\Downloads\\test\\dich-vu'
2026-02-27 21:38:36,773 - INFO - 🔍 Crawling page: https://ledinhtuan.com/dich-vu/website-doanh-nghiep
2026-02-27 21:38:36,774 - INFO - 🔍 Crawling page: https://ledinhtuan.com/dich-vu/website-doanh-nghiep
2026-02-27 21:38:40,397 - INFO - Failed to save https://ledinhtuan.com/du-an/in-an-hai-viet?_rsc=1b88k: [WinError 183] Cannot create a file when that file already exists: 'C:\\Users\\kirit\\Downloads\\test\\du-an'
2026-02-27 21:38:40,418 - INFO - Failed to save https://ledinhtuan.com/du-an/nha-xe-hiep-vo?_rsc=1b88k: [WinError 183] Cannot create a file when that file already exists: 'C:\\Users\\kirit\\Downloads\\test\\du-an'
2026-02-27 21:38:40,420 - INFO - Failed to save https://ledinhtuan.com/du-an/sao-bien-cam-ranh?_rsc=1b88k: [WinError 183] Cannot create a file when that file already exists: 'C:\\Users\\kirit\\Downloads\\test\\du-an'
2026-02-27 21:38:40,421 - INFO - Failed to save https://ledinhtuan.com/du-an/tayama-usa?_rsc=1b88k: [WinError 183] Cannot create a file when that file already exists: 'C:\\Users\\kirit\\Downloads\\test\\du-an'
2026-02-27 21:38:40,527 - INFO - Failed to save https://ledinhtuan.com/dich-vu?_rsc=1b88k: [Errno 13] Permission denied: 'C:\\Users\\kirit\\Downloads\\test\\dich-vu'
2026-02-27 21:38:41,184 - INFO - Failed to save https://ledinhtuan.com/dich-vu?_rsc=1b6gj: [Errno 13] Permission denied: 'C:\\Users\\kirit\\Downloads\\test\\dich-vu'
2026-02-27 21:38:41,212 - INFO - Failed to save https://ledinhtuan.com/dich-vu?_rsc=3ogsi: [Errno 13] Permission denied: 'C:\\Users\\kirit\\Downloads\\test\\dich-vu'
2026-02-27 21:38:41,213 - INFO - Failed to save https://ledinhtuan.com/dich-vu?_rsc=1ee9i: [Errno 13] Permission denied: 'C:\\Users\\kirit\\Downloads\\test\\dich-vu'
2026-02-27 21:38:41,876 - INFO - 🔍 Crawling page: https://ledinhtuan.com/dich-vu/website-ban-hang
2026-02-27 21:38:41,876 - INFO - 🔍 Crawling page: https://ledinhtuan.com/dich-vu/website-ban-hang
2026-02-27 21:38:45,748 - INFO - Failed to save https://ledinhtuan.com/du-an/pet-by-lucy?_rsc=nrpy5: [WinError 183] Cannot create a file when that file already exists: 'C:\\Users\\kirit\\Downloads\\test\\du-an'
2026-02-27 21:38:45,757 - INFO - Failed to save https://ledinhtuan.com/du-an/tra-long-dinh?_rsc=nrpy5: [WinError 183] Cannot create a file when that file already exists: 'C:\\Users\\kirit\\Downloads\\test\\du-an'
2026-02-27 21:38:45,759 - INFO - Failed to save https://ledinhtuan.com/du-an/chau-tot-composite?_rsc=nrpy5: [WinError 183] Cannot create a file when that file already exists: 'C:\\Users\\kirit\\Downloads\\test\\du-an'
2026-02-27 21:38:45,784 - INFO - Failed to save https://ledinhtuan.com/du-an/solar-xanh?_rsc=nrpy5: [WinError 183] Cannot create a file when that file already exists: 'C:\\Users\\kirit\\Downloads\\test\\du-an'
2026-02-27 21:38:45,906 - INFO - Failed to save https://ledinhtuan.com/dich-vu?_rsc=nrpy5: [Errno 13] Permission denied: 'C:\\Users\\kirit\\Downloads\\test\\dich-vu'
2026-02-27 21:38:46,066 - INFO - Failed to save https://ledinhtuan.com/du-an/tayama-usa?_rsc=nrpy5: [WinError 183] Cannot create a file when that file already exists: 'C:\\Users\\kirit\\Downloads\\test\\du-an'
2026-02-27 21:38:46,600 - INFO - Failed to save https://ledinhtuan.com/dich-vu?_rsc=1vciw: [Errno 13] Permission denied: 'C:\\Users\\kirit\\Downloads\\test\\dich-vu'
2026-02-27 21:38:46,630 - INFO - Failed to save https://ledinhtuan.com/dich-vu?_rsc=10yby: [Errno 13] Permission denied: 'C:\\Users\\kirit\\Downloads\\test\\dich-vu'
2026-02-27 21:38:46,663 - INFO - Failed to save https://ledinhtuan.com/dich-vu?_rsc=17ty4: [Errno 13] Permission denied: 'C:\\Users\\kirit\\Downloads\\test\\dich-vu'
2026-02-27 21:38:47,211 - INFO - 🔍 Crawling page: https://ledinhtuan.com/dich-vu/website-theo-yeu-cau
2026-02-27 21:38:47,211 - INFO - 🔍 Crawling page: https://ledinhtuan.com/dich-vu/website-theo-yeu-cau
2026-02-27 21:38:50,424 - INFO - Failed to save https://ledinhtuan.com/du-an/tra-long-dinh?_rsc=jfm8x: [WinError 183] Cannot create a file when that file already exists: 'C:\\Users\\kirit\\Downloads\\test\\du-an'
2026-02-27 21:38:50,426 - INFO - Failed to save https://ledinhtuan.com/du-an/sao-bien-cam-ranh?_rsc=jfm8x: [WinError 183] Cannot create a file when that file already exists: 'C:\\Users\\kirit\\Downloads\\test\\du-an'
2026-02-27 21:38:50,428 - INFO - Failed to save https://ledinhtuan.com/du-an/leo-speaking?_rsc=jfm8x: [WinError 183] Cannot create a file when that file already exists: 'C:\\Users\\kirit\\Downloads\\test\\du-an'
2026-02-27 21:38:50,438 - INFO - Failed to save https://ledinhtuan.com/du-an/xago-design?_rsc=jfm8x: [WinError 183] Cannot create a file when that file already exists: 'C:\\Users\\kirit\\Downloads\\test\\du-an'
2026-02-27 21:38:50,733 - INFO - Failed to save https://ledinhtuan.com/du-an/leo-marketing?_rsc=jfm8x: [WinError 183] Cannot create a file when that file already exists: 'C:\\Users\\kirit\\Downloads\\test\\du-an'
2026-02-27 21:38:50,757 - INFO - Failed to save https://ledinhtuan.com/du-an/iba-nutrition-sport?_rsc=jfm8x: [WinError 183] Cannot create a file when that file already exists: 'C:\\Users\\kirit\\Downloads\\test\\du-an'
2026-02-27 21:38:50,797 - INFO - Failed to save https://ledinhtuan.com/dich-vu?_rsc=jfm8x: [Errno 13] Permission denied: 'C:\\Users\\kirit\\Downloads\\test\\dich-vu'
2026-02-27 21:38:51,901 - INFO - 🔍 Crawling page: https://ledinhtuan.com/dich-vu/marketing-seo-google
2026-02-27 21:38:51,902 - INFO - 🔍 Crawling page: https://ledinhtuan.com/dich-vu/marketing-seo-google
2026-02-27 21:38:54,762 - INFO - Failed to save https://ledinhtuan.com/dich-vu?_rsc=gxnfm: [Errno 13] Permission denied: 'C:\\Users\\kirit\\Downloads\\test\\dich-vu'
2026-02-27 21:38:55,409 - INFO - Failed to save https://ledinhtuan.com/dich-vu?_rsc=1qsvq: [Errno 13] Permission denied: 'C:\\Users\\kirit\\Downloads\\test\\dich-vu'
2026-02-27 21:38:55,475 - INFO - Failed to save https://ledinhtuan.com/dich-vu?_rsc=javzj: [Errno 13] Permission denied: 'C:\\Users\\kirit\\Downloads\\test\\dich-vu'
2026-02-27 21:38:55,477 - INFO - Failed to save https://ledinhtuan.com/dich-vu?_rsc=1u0op: [Errno 13] Permission denied: 'C:\\Users\\kirit\\Downloads\\test\\dich-vu'
2026-02-27 21:38:56,088 - INFO - 🔍 Crawling page: https://ledinhtuan.com/dich-vu/thiet-ke-hinh-anh
2026-02-27 21:38:56,089 - INFO - 🔍 Crawling page: https://ledinhtuan.com/dich-vu/thiet-ke-hinh-anh
2026-02-27 21:38:59,221 - INFO - Failed to save https://ledinhtuan.com/dich-vu?_rsc=1wmay: [Errno 13] Permission denied: 'C:\\Users\\kirit\\Downloads\\test\\dich-vu'
2026-02-27 21:38:59,926 - INFO - Failed to save https://ledinhtuan.com/dich-vu?_rsc=f1gvf: [Errno 13] Permission denied: 'C:\\Users\\kirit\\Downloads\\test\\dich-vu'
2026-02-27 21:38:59,929 - INFO - Failed to save https://ledinhtuan.com/dich-vu?_rsc=6goji: [Errno 13] Permission denied: 'C:\\Users\\kirit\\Downloads\\test\\dich-vu'
2026-02-27 21:38:59,931 - INFO - Failed to save https://ledinhtuan.com/dich-vu?_rsc=kcnzv: [Errno 13] Permission denied: 'C:\\Users\\kirit\\Downloads\\test\\dich-vu'
2026-02-27 21:39:00,546 - INFO - 🔍 Crawling page: https://ledinhtuan.com/dich-vu/chup-anh-theo-concept
2026-02-27 21:39:00,547 - INFO - 🔍 Crawling page: https://ledinhtuan.com/dich-vu/chup-anh-theo-concept
2026-02-27 21:39:04,343 - INFO - Failed to save https://ledinhtuan.com/dich-vu?_rsc=v28hw: [Errno 13] Permission denied: 'C:\\Users\\kirit\\Downloads\\test\\dich-vu'
2026-02-27 21:39:05,030 - INFO - Failed to save https://ledinhtuan.com/dich-vu?_rsc=1h1h8: [Errno 13] Permission denied: 'C:\\Users\\kirit\\Downloads\\test\\dich-vu'
2026-02-27 21:39:05,048 - INFO - Failed to save https://ledinhtuan.com/dich-vu?_rsc=125yp: [Errno 13] Permission denied: 'C:\\Users\\kirit\\Downloads\\test\\dich-vu'
2026-02-27 21:39:05,055 - INFO - Failed to save https://ledinhtuan.com/dich-vu?_rsc=h4tbf: [Errno 13] Permission denied: 'C:\\Users\\kirit\\Downloads\\test\\dich-vu'
2026-02-27 21:39:05,638 - INFO - 🔍 Crawling page: https://ledinhtuan.com/dich-vu
2026-02-27 21:39:05,638 - INFO - 🔍 Crawling page: https://ledinhtuan.com/dich-vu
2026-02-27 21:39:09,062 - INFO - Failed to save https://ledinhtuan.com/dich-vu?_rsc=162zg: [Errno 13] Permission denied: 'C:\\Users\\kirit\\Downloads\\test\\dich-vu'
2026-02-27 21:39:09,422 - INFO - Failed to save https://ledinhtuan.com/dich-vu?_rsc=zesxz: [Errno 13] Permission denied: 'C:\\Users\\kirit\\Downloads\\test\\dich-vu'
2026-02-27 21:39:09,422 - INFO - Failed to save https://ledinhtuan.com/dich-vu?_rsc=gnas4: [Errno 13] Permission denied: 'C:\\Users\\kirit\\Downloads\\test\\dich-vu'
2026-02-27 21:39:09,440 - INFO - Failed to save https://ledinhtuan.com/dich-vu?_rsc=u1f5g: [Errno 13] Permission denied: 'C:\\Users\\kirit\\Downloads\\test\\dich-vu'
2026-02-27 21:39:10,367 - INFO - 🔍 Crawling page: https://ledinhtuan.com/chinh-sach-bao-mat
2026-02-27 21:39:10,368 - INFO - 🔍 Crawling page: https://ledinhtuan.com/chinh-sach-bao-mat
2026-02-27 21:39:11,333 - INFO - Failed to save https://ledinhtuan.com/dich-vu?_rsc=1pozb: [Errno 13] Permission denied: 'C:\\Users\\kirit\\Downloads\\test\\dich-vu'
2026-02-27 21:39:11,936 - INFO - Failed to save https://ledinhtuan.com/dich-vu?_rsc=1s9on: [Errno 13] Permission denied: 'C:\\Users\\kirit\\Downloads\\test\\dich-vu'
2026-02-27 21:39:11,942 - INFO - Failed to save https://ledinhtuan.com/dich-vu?_rsc=u2xk3: [Errno 13] Permission denied: 'C:\\Users\\kirit\\Downloads\\test\\dich-vu'
2026-02-27 21:39:11,979 - INFO - Failed to save https://ledinhtuan.com/dich-vu?_rsc=pjssq: [Errno 13] Permission denied: 'C:\\Users\\kirit\\Downloads\\test\\dich-vu'
2026-02-27 21:39:14,943 - INFO - 🔍 Crawling page: https://ledinhtuan.com/quyen-rieng-tu
2026-02-27 21:39:14,944 - INFO - 🔍 Crawling page: https://ledinhtuan.com/quyen-rieng-tu
2026-02-27 21:39:17,612 - INFO - Failed to save https://ledinhtuan.com/dich-vu?_rsc=g97fn: [Errno 13] Permission denied: 'C:\\Users\\kirit\\Downloads\\test\\dich-vu'
2026-02-27 21:39:18,225 - INFO - Failed to save https://ledinhtuan.com/dich-vu?_rsc=1ovdx: [Errno 13] Permission denied: 'C:\\Users\\kirit\\Downloads\\test\\dich-vu'
2026-02-27 21:39:18,689 - INFO - 🔍 Crawling page: https://ledinhtuan.com/dieu-khoan-dich-vu
2026-02-27 21:39:18,690 - INFO - 🔍 Crawling page: https://ledinhtuan.com/dieu-khoan-dich-vu
2026-02-27 21:39:19,718 - INFO - Failed to save https://ledinhtuan.com/dich-vu?_rsc=1ixdn: [Errno 13] Permission denied: 'C:\\Users\\kirit\\Downloads\\test\\dich-vu'
2026-02-27 21:39:20,376 - INFO - Failed to save https://ledinhtuan.com/dich-vu?_rsc=nbbwc: [Errno 13] Permission denied: 'C:\\Users\\kirit\\Downloads\\test\\dich-vu'
2026-02-27 21:39:20,382 - INFO - Failed to save https://ledinhtuan.com/dich-vu?_rsc=is74z: [Errno 13] Permission denied: 'C:\\Users\\kirit\\Downloads\\test\\dich-vu'
2026-02-27 21:39:20,387 - INFO - Failed to save https://ledinhtuan.com/dich-vu?_rsc=1li30: [Errno 13] Permission denied: 'C:\\Users\\kirit\\Downloads\\test\\dich-vu'
2026-02-27 21:39:23,390 - INFO - 🔍 Crawling page: https://ledinhtuan.com/chinh-sach-cookie
2026-02-27 21:39:23,391 - INFO - 🔍 Crawling page: https://ledinhtuan.com/chinh-sach-cookie
2026-02-27 21:39:24,413 - INFO - Failed to save https://ledinhtuan.com/dich-vu?_rsc=1e59p: [Errno 13] Permission denied: 'C:\\Users\\kirit\\Downloads\\test\\dich-vu'
2026-02-27 21:39:25,001 - INFO - Failed to save https://ledinhtuan.com/dich-vu?_rsc=13gmy: [Errno 13] Permission denied: 'C:\\Users\\kirit\\Downloads\\test\\dich-vu'
2026-02-27 21:39:25,022 - INFO - Failed to save https://ledinhtuan.com/dich-vu?_rsc=afzss: [Errno 13] Permission denied: 'C:\\Users\\kirit\\Downloads\\test\\dich-vu'
2026-02-27 21:39:25,058 - INFO - Failed to save https://ledinhtuan.com/dich-vu?_rsc=1jiay: [Errno 13] Permission denied: 'C:\\Users\\kirit\\Downloads\\test\\dich-vu'
2026-02-27 21:39:27,982 - INFO - 🔍 Crawling page: https://ledinhtuan.com/du-an/chau-tot-composite
2026-02-27 21:39:27,983 - INFO - 🔍 Crawling page: https://ledinhtuan.com/du-an/chau-tot-composite
2026-02-27 21:39:29,068 - INFO - Failed to save https://ledinhtuan.com/du-an/chau-tot-composite: [WinError 183] Cannot create a file when that file already exists: 'C:\\Users\\kirit\\Downloads\\test\\du-an'
2026-02-27 21:39:31,485 - INFO - Failed to save https://ledinhtuan.com/dich-vu?_rsc=1g4gu: [Errno 13] Permission denied: 'C:\\Users\\kirit\\Downloads\\test\\dich-vu'
2026-02-27 21:39:32,084 - INFO - Failed to save https://ledinhtuan.com/dich-vu?_rsc=oo5qm: [Errno 13] Permission denied: 'C:\\Users\\kirit\\Downloads\\test\\dich-vu'
2026-02-27 21:39:32,137 - INFO - Failed to save https://ledinhtuan.com/dich-vu?_rsc=1tb2u: [Errno 13] Permission denied: 'C:\\Users\\kirit\\Downloads\\test\\dich-vu'
2026-02-27 21:39:32,148 - INFO - Failed to save https://ledinhtuan.com/dich-vu?_rsc=15kyt: [Errno 13] Permission denied: 'C:\\Users\\kirit\\Downloads\\test\\dich-vu'
2026-02-27 21:39:32,749 - INFO - Failed to save https://ledinhtuan.com/du-an/chau-tot-composite: [WinError 183] Cannot create a file when that file already exists: 'C:\\Users\\kirit\\Downloads\\test\\du-an'
2026-02-27 21:39:32,771 - INFO - 🔍 Crawling page: https://ledinhtuan.com/du-an/xago-design
2026-02-27 21:39:32,771 - INFO - 🔍 Crawling page: https://ledinhtuan.com/du-an/xago-design
2026-02-27 21:39:33,485 - INFO - Failed to save https://ledinhtuan.com/du-an/xago-design: [WinError 183] Cannot create a file when that file already exists: 'C:\\Users\\kirit\\Downloads\\test\\du-an'
2026-02-27 21:39:35,985 - INFO - Failed to save https://ledinhtuan.com/dich-vu?_rsc=1hps3: [Errno 13] Permission denied: 'C:\\Users\\kirit\\Downloads\\test\\dich-vu'
2026-02-27 21:39:36,628 - INFO - Failed to save https://ledinhtuan.com/dich-vu?_rsc=1715c: [Errno 13] Permission denied: 'C:\\Users\\kirit\\Downloads\\test\\dich-vu'
2026-02-27 21:39:36,631 - INFO - Failed to save https://ledinhtuan.com/dich-vu?_rsc=e0i70: [Errno 13] Permission denied: 'C:\\Users\\kirit\\Downloads\\test\\dich-vu'
2026-02-27 21:39:36,670 - INFO - Failed to save https://ledinhtuan.com/dich-vu?_rsc=1n2tc: [Errno 13] Permission denied: 'C:\\Users\\kirit\\Downloads\\test\\dich-vu'
2026-02-27 21:39:37,252 - INFO - Failed to save https://ledinhtuan.com/du-an/xago-design: [WinError 183] Cannot create a file when that file already exists: 'C:\\Users\\kirit\\Downloads\\test\\du-an'
2026-02-27 21:39:37,271 - INFO - 🔍 Crawling page: https://ledinhtuan.com/du-an/khoai-lang-nuong
2026-02-27 21:39:37,271 - INFO - 🔍 Crawling page: https://ledinhtuan.com/du-an/khoai-lang-nuong
2026-02-27 21:39:38,870 - INFO - Failed to save https://ledinhtuan.com/du-an/khoai-lang-nuong: [WinError 183] Cannot create a file when that file already exists: 'C:\\Users\\kirit\\Downloads\\test\\du-an'
2026-02-27 21:39:41,264 - INFO - Failed to save https://ledinhtuan.com/dich-vu?_rsc=113jm: [Errno 13] Permission denied: 'C:\\Users\\kirit\\Downloads\\test\\dich-vu'
2026-02-27 21:39:41,886 - INFO - Failed to save https://ledinhtuan.com/dich-vu?_rsc=nmx8l: [Errno 13] Permission denied: 'C:\\Users\\kirit\\Downloads\\test\\dich-vu'
2026-02-27 21:39:41,896 - INFO - Failed to save https://ledinhtuan.com/dich-vu?_rsc=1gfsh: [Errno 13] Permission denied: 'C:\\Users\\kirit\\Downloads\\test\\dich-vu'
2026-02-27 21:39:41,933 - INFO - Failed to save https://ledinhtuan.com/dich-vu?_rsc=ogo6d: [Errno 13] Permission denied: 'C:\\Users\\kirit\\Downloads\\test\\dich-vu'
2026-02-27 21:39:42,501 - INFO - Failed to save https://ledinhtuan.com/du-an/khoai-lang-nuong: [WinError 183] Cannot create a file when that file already exists: 'C:\\Users\\kirit\\Downloads\\test\\du-an'
2026-02-27 21:39:42,517 - INFO - 🔍 Crawling page: https://ledinhtuan.com/du-an/nong-farm-to-grill
2026-02-27 21:39:42,518 - INFO - 🔍 Crawling page: https://ledinhtuan.com/du-an/nong-farm-to-grill
2026-02-27 21:39:43,070 - INFO - Failed to save https://ledinhtuan.com/du-an/nong-farm-to-grill: [WinError 183] Cannot create a file when that file already exists: 'C:\\Users\\kirit\\Downloads\\test\\du-an'
2026-02-27 21:39:45,413 - INFO - Failed to save https://ledinhtuan.com/dich-vu?_rsc=1ad6s: [Errno 13] Permission denied: 'C:\\Users\\kirit\\Downloads\\test\\dich-vu'
2026-02-27 21:39:46,034 - INFO - Failed to save https://ledinhtuan.com/dich-vu?_rsc=iwvob: [Errno 13] Permission denied: 'C:\\Users\\kirit\\Downloads\\test\\dich-vu'
2026-02-27 21:39:46,056 - INFO - Failed to save https://ledinhtuan.com/dich-vu?_rsc=1njss: [Errno 13] Permission denied: 'C:\\Users\\kirit\\Downloads\\test\\dich-vu'
2026-02-27 21:39:46,064 - INFO - Failed to save https://ledinhtuan.com/dich-vu?_rsc=1ufey: [Errno 13] Permission denied: 'C:\\Users\\kirit\\Downloads\\test\\dich-vu'
2026-02-27 21:39:46,709 - INFO - Failed to save https://ledinhtuan.com/du-an/nong-farm-to-grill: [WinError 183] Cannot create a file when that file already exists: 'C:\\Users\\kirit\\Downloads\\test\\du-an'
2026-02-27 21:39:46,726 - INFO - 🔍 Crawling page: https://ledinhtuan.com/du-an/iba-nutrition-sport
2026-02-27 21:39:46,726 - INFO - 🔍 Crawling page: https://ledinhtuan.com/du-an/iba-nutrition-sport
2026-02-27 21:39:47,203 - INFO - Failed to save https://ledinhtuan.com/du-an/iba-nutrition-sport: [WinError 183] Cannot create a file when that file already exists: 'C:\\Users\\kirit\\Downloads\\test\\du-an'
2026-02-27 21:39:56,218 - INFO - Failed to save https://ledinhtuan.com/dich-vu?_rsc=19ms4: [Errno 13] Permission denied: 'C:\\Users\\kirit\\Downloads\\test\\dich-vu'
2026-02-27 21:39:56,863 - INFO - Failed to save https://ledinhtuan.com/dich-vu?_rsc=1ii9r: [Errno 13] Permission denied: 'C:\\Users\\kirit\\Downloads\\test\\dich-vu'
2026-02-27 21:39:56,872 - INFO - Failed to save https://ledinhtuan.com/dich-vu?_rsc=1r323: [Errno 13] Permission denied: 'C:\\Users\\kirit\\Downloads\\test\\dich-vu'
2026-02-27 21:39:56,920 - INFO - Failed to save https://ledinhtuan.com/dich-vu?_rsc=1we98: [Errno 13] Permission denied: 'C:\\Users\\kirit\\Downloads\\test\\dich-vu'
2026-02-27 21:39:57,494 - INFO - Failed to save https://ledinhtuan.com/du-an/iba-nutrition-sport: [WinError 183] Cannot create a file when that file already exists: 'C:\\Users\\kirit\\Downloads\\test\\du-an'
2026-02-27 21:39:57,513 - INFO - 🔍 Crawling page: https://ledinhtuan.com/du-an/ruby-homes-group
2026-02-27 21:39:57,513 - INFO - 🔍 Crawling page: https://ledinhtuan.com/du-an/ruby-homes-group
2026-02-27 21:39:59,012 - INFO - Failed to save https://ledinhtuan.com/du-an/ruby-homes-group: [WinError 183] Cannot create a file when that file already exists: 'C:\\Users\\kirit\\Downloads\\test\\du-an'
2026-02-27 21:40:01,382 - INFO - Failed to save https://ledinhtuan.com/dich-vu?_rsc=1a8g9: [Errno 13] Permission denied: 'C:\\Users\\kirit\\Downloads\\test\\dich-vu'
2026-02-27 21:40:02,101 - INFO - Failed to save https://ledinhtuan.com/dich-vu?_rsc=1pkp4: [Errno 13] Permission denied: 'C:\\Users\\kirit\\Downloads\\test\\dich-vu'
2026-02-27 21:40:02,102 - INFO - Failed to save https://ledinhtuan.com/dich-vu?_rsc=wrtvb: [Errno 13] Permission denied: 'C:\\Users\\kirit\\Downloads\\test\\dich-vu'
2026-02-27 21:40:02,187 - INFO - Failed to save https://ledinhtuan.com/dich-vu?_rsc=xlkt3: [Errno 13] Permission denied: 'C:\\Users\\kirit\\Downloads\\test\\dich-vu'
2026-02-27 21:40:02,667 - INFO - Failed to save https://ledinhtuan.com/du-an/ruby-homes-group: [WinError 183] Cannot create a file when that file already exists: 'C:\\Users\\kirit\\Downloads\\test\\du-an'
2026-02-27 21:40:02,683 - INFO - 🔍 Crawling page: https://ledinhtuan.com/du-an/tayama-usa
2026-02-27 21:40:02,683 - INFO - 🔍 Crawling page: https://ledinhtuan.com/du-an/tayama-usa
2026-02-27 21:40:04,129 - INFO - Failed to save https://ledinhtuan.com/du-an/tayama-usa: [WinError 183] Cannot create a file when that file already exists: 'C:\\Users\\kirit\\Downloads\\test\\du-an'
2026-02-27 21:40:06,458 - INFO - Failed to save https://ledinhtuan.com/dich-vu?_rsc=1mfcq: [Errno 13] Permission denied: 'C:\\Users\\kirit\\Downloads\\test\\dich-vu'
2026-02-27 21:40:07,088 - INFO - Failed to save https://ledinhtuan.com/dich-vu?_rsc=1o96p: [Errno 13] Permission denied: 'C:\\Users\\kirit\\Downloads\\test\\dich-vu'
2026-02-27 21:40:07,119 - INFO - Failed to save https://ledinhtuan.com/dich-vu?_rsc=ms8ai: [Errno 13] Permission denied: 'C:\\Users\\kirit\\Downloads\\test\\dich-vu'
2026-02-27 21:40:07,120 - INFO - Failed to save https://ledinhtuan.com/dich-vu?_rsc=1ia86: [Errno 13] Permission denied: 'C:\\Users\\kirit\\Downloads\\test\\dich-vu'
2026-02-27 21:40:07,750 - INFO - Failed to save https://ledinhtuan.com/du-an/tayama-usa: [WinError 183] Cannot create a file when that file already exists: 'C:\\Users\\kirit\\Downloads\\test\\du-an'
2026-02-27 21:40:07,768 - INFO - 🔍 Crawling page: https://ledinhtuan.com/du-an/leo-marketing
2026-02-27 21:40:07,768 - INFO - 🔍 Crawling page: https://ledinhtuan.com/du-an/leo-marketing
2026-02-27 21:40:09,160 - INFO - Failed to save https://ledinhtuan.com/du-an/leo-marketing: [WinError 183] Cannot create a file when that file already exists: 'C:\\Users\\kirit\\Downloads\\test\\du-an'
2026-02-27 21:40:11,581 - INFO - Failed to save https://ledinhtuan.com/dich-vu?_rsc=1ruot: [Errno 13] Permission denied: 'C:\\Users\\kirit\\Downloads\\test\\dich-vu'
2026-02-27 21:40:12,247 - INFO - Failed to save https://ledinhtuan.com/dich-vu?_rsc=6rpg3: [Errno 13] Permission denied: 'C:\\Users\\kirit\\Downloads\\test\\dich-vu'
2026-02-27 21:40:12,248 - INFO - Failed to save https://ledinhtuan.com/dich-vu?_rsc=f2nqy: [Errno 13] Permission denied: 'C:\\Users\\kirit\\Downloads\\test\\dich-vu'
2026-02-27 21:40:12,315 - INFO - Failed to save https://ledinhtuan.com/dich-vu?_rsc=7lisa: [Errno 13] Permission denied: 'C:\\Users\\kirit\\Downloads\\test\\dich-vu'
2026-02-27 21:40:12,871 - INFO - Failed to save https://ledinhtuan.com/du-an/leo-marketing: [WinError 183] Cannot create a file when that file already exists: 'C:\\Users\\kirit\\Downloads\\test\\du-an'
2026-02-27 21:40:12,886 - INFO - 🔍 Crawling page: https://ledinhtuan.com/du-an/leo-speaking
2026-02-27 21:40:12,886 - INFO - 🔍 Crawling page: https://ledinhtuan.com/du-an/leo-speaking
2026-02-27 21:40:14,132 - INFO - Failed to save https://ledinhtuan.com/du-an/leo-speaking: [WinError 183] Cannot create a file when that file already exists: 'C:\\Users\\kirit\\Downloads\\test\\du-an'
2026-02-27 21:40:16,504 - INFO - Failed to save https://ledinhtuan.com/dich-vu?_rsc=3670u: [Errno 13] Permission denied: 'C:\\Users\\kirit\\Downloads\\test\\dich-vu'
2026-02-27 21:40:17,137 - INFO - Failed to save https://ledinhtuan.com/dich-vu?_rsc=5qwdo: [Errno 13] Permission denied: 'C:\\Users\\kirit\\Downloads\\test\\dich-vu'
2026-02-27 21:40:17,140 - INFO - Failed to save https://ledinhtuan.com/dich-vu?_rsc=16l9b: [Errno 13] Permission denied: 'C:\\Users\\kirit\\Downloads\\test\\dich-vu'
2026-02-27 21:40:17,170 - INFO - Failed to save https://ledinhtuan.com/dich-vu?_rsc=1224k: [Errno 13] Permission denied: 'C:\\Users\\kirit\\Downloads\\test\\dich-vu'
2026-02-27 21:40:17,781 - INFO - Failed to save https://ledinhtuan.com/du-an/leo-speaking: [WinError 183] Cannot create a file when that file already exists: 'C:\\Users\\kirit\\Downloads\\test\\du-an'
2026-02-27 21:40:17,799 - INFO - 🔍 Crawling page: https://ledinhtuan.com/du-an/sao-bien-cam-ranh
2026-02-27 21:40:17,799 - INFO - 🔍 Crawling page: https://ledinhtuan.com/du-an/sao-bien-cam-ranh
2026-02-27 21:40:19,207 - INFO - Failed to save https://ledinhtuan.com/du-an/sao-bien-cam-ranh: [WinError 183] Cannot create a file when that file already exists: 'C:\\Users\\kirit\\Downloads\\test\\du-an'
2026-02-27 21:40:21,580 - INFO - Failed to save https://ledinhtuan.com/dich-vu?_rsc=1ak9j: [Errno 13] Permission denied: 'C:\\Users\\kirit\\Downloads\\test\\dich-vu'
2026-02-27 21:40:22,191 - INFO - Failed to save https://ledinhtuan.com/dich-vu?_rsc=siers: [Errno 13] Permission denied: 'C:\\Users\\kirit\\Downloads\\test\\dich-vu'
2026-02-27 21:40:22,207 - INFO - Failed to save https://ledinhtuan.com/dich-vu?_rsc=1jklm: [Errno 13] Permission denied: 'C:\\Users\\kirit\\Downloads\\test\\dich-vu'
2026-02-27 21:40:22,208 - INFO - Failed to save https://ledinhtuan.com/dich-vu?_rsc=1js3q: [Errno 13] Permission denied: 'C:\\Users\\kirit\\Downloads\\test\\dich-vu'
2026-02-27 21:40:22,877 - INFO - Failed to save https://ledinhtuan.com/du-an/sao-bien-cam-ranh: [WinError 183] Cannot create a file when that file already exists: 'C:\\Users\\kirit\\Downloads\\test\\du-an'
2026-02-27 21:40:22,895 - INFO - 🔍 Crawling page: https://ledinhtuan.com/du-an/tra-long-dinh
2026-02-27 21:40:22,896 - INFO - 🔍 Crawling page: https://ledinhtuan.com/du-an/tra-long-dinh
2026-02-27 21:40:23,385 - INFO - Failed to save https://ledinhtuan.com/du-an/tra-long-dinh: [WinError 183] Cannot create a file when that file already exists: 'C:\\Users\\kirit\\Downloads\\test\\du-an'
2026-02-27 21:40:25,823 - INFO - Failed to save https://ledinhtuan.com/dich-vu?_rsc=1jkf0: [Errno 13] Permission denied: 'C:\\Users\\kirit\\Downloads\\test\\dich-vu'
2026-02-27 21:40:26,459 - INFO - Failed to save https://ledinhtuan.com/dich-vu?_rsc=1xijp: [Errno 13] Permission denied: 'C:\\Users\\kirit\\Downloads\\test\\dich-vu'
2026-02-27 21:40:26,468 - INFO - Failed to save https://ledinhtuan.com/dich-vu?_rsc=6sdy4: [Errno 13] Permission denied: 'C:\\Users\\kirit\\Downloads\\test\\dich-vu'
2026-02-27 21:40:26,479 - INFO - Failed to save https://ledinhtuan.com/dich-vu?_rsc=1ycd1: [Errno 13] Permission denied: 'C:\\Users\\kirit\\Downloads\\test\\dich-vu'
2026-02-27 21:40:27,051 - INFO - Failed to save https://ledinhtuan.com/du-an/tra-long-dinh: [WinError 183] Cannot create a file when that file already exists: 'C:\\Users\\kirit\\Downloads\\test\\du-an'
2026-02-27 21:40:27,073 - INFO - 🔍 Crawling page: https://ledinhtuan.com/du-an/pet-by-lucy
2026-02-27 21:40:27,074 - INFO - 🔍 Crawling page: https://ledinhtuan.com/du-an/pet-by-lucy
2026-02-27 21:40:28,481 - INFO - Failed to save https://ledinhtuan.com/du-an/pet-by-lucy: [WinError 183] Cannot create a file when that file already exists: 'C:\\Users\\kirit\\Downloads\\test\\du-an'
2026-02-27 21:40:30,861 - INFO - Failed to save https://ledinhtuan.com/dich-vu?_rsc=1io3b: [Errno 13] Permission denied: 'C:\\Users\\kirit\\Downloads\\test\\dich-vu'
2026-02-27 21:40:31,510 - INFO - Failed to save https://ledinhtuan.com/dich-vu?_rsc=eyteu: [Errno 13] Permission denied: 'C:\\Users\\kirit\\Downloads\\test\\dich-vu'
2026-02-27 21:40:31,518 - INFO - Failed to save https://ledinhtuan.com/dich-vu?_rsc=1o14k: [Errno 13] Permission denied: 'C:\\Users\\kirit\\Downloads\\test\\dich-vu'
2026-02-27 21:40:31,550 - INFO - Failed to save https://ledinhtuan.com/dich-vu?_rsc=17zgk: [Errno 13] Permission denied: 'C:\\Users\\kirit\\Downloads\\test\\dich-vu'
2026-02-27 21:40:32,149 - INFO - Failed to save https://ledinhtuan.com/du-an/pet-by-lucy: [WinError 183] Cannot create a file when that file already exists: 'C:\\Users\\kirit\\Downloads\\test\\du-an'
2026-02-27 21:40:32,165 - INFO - 🔍 Crawling page: https://ledinhtuan.com/du-an/in-an-hai-viet
2026-02-27 21:40:32,165 - INFO - 🔍 Crawling page: https://ledinhtuan.com/du-an/in-an-hai-viet
2026-02-27 21:40:33,617 - INFO - Failed to save https://ledinhtuan.com/du-an/in-an-hai-viet: [WinError 183] Cannot create a file when that file already exists: 'C:\\Users\\kirit\\Downloads\\test\\du-an'
2026-02-27 21:40:36,039 - INFO - Failed to save https://ledinhtuan.com/dich-vu?_rsc=pzokv: [Errno 13] Permission denied: 'C:\\Users\\kirit\\Downloads\\test\\dich-vu'
2026-02-27 21:40:36,695 - INFO - Failed to save https://ledinhtuan.com/dich-vu?_rsc=1o3b4: [Errno 13] Permission denied: 'C:\\Users\\kirit\\Downloads\\test\\dich-vu'
2026-02-27 21:40:36,713 - INFO - Failed to save https://ledinhtuan.com/dich-vu?_rsc=1e0au: [Errno 13] Permission denied: 'C:\\Users\\kirit\\Downloads\\test\\dich-vu'
2026-02-27 21:40:36,754 - INFO - Failed to save https://ledinhtuan.com/dich-vu?_rsc=ge38r: [Errno 13] Permission denied: 'C:\\Users\\kirit\\Downloads\\test\\dich-vu'
2026-02-27 21:40:37,299 - INFO - Failed to save https://ledinhtuan.com/du-an/in-an-hai-viet: [WinError 183] Cannot create a file when that file already exists: 'C:\\Users\\kirit\\Downloads\\test\\du-an'
2026-02-27 21:40:37,317 - INFO - 🔍 Crawling page: https://ledinhtuan.com/du-an/nha-xe-hiep-vo
2026-02-27 21:40:37,318 - INFO - 🔍 Crawling page: https://ledinhtuan.com/du-an/nha-xe-hiep-vo
2026-02-27 21:40:38,763 - INFO - Failed to save https://ledinhtuan.com/du-an/nha-xe-hiep-vo: [WinError 183] Cannot create a file when that file already exists: 'C:\\Users\\kirit\\Downloads\\test\\du-an'
2026-02-27 21:40:41,118 - INFO - Failed to save https://ledinhtuan.com/dich-vu?_rsc=1mp3w: [Errno 13] Permission denied: 'C:\\Users\\kirit\\Downloads\\test\\dich-vu'
2026-02-27 21:40:41,754 - INFO - Failed to save https://ledinhtuan.com/dich-vu?_rsc=lrme2: [Errno 13] Permission denied: 'C:\\Users\\kirit\\Downloads\\test\\dich-vu'
2026-02-27 21:40:41,764 - INFO - Failed to save https://ledinhtuan.com/dich-vu?_rsc=bom3u: [Errno 13] Permission denied: 'C:\\Users\\kirit\\Downloads\\test\\dich-vu'
2026-02-27 21:40:41,801 - INFO - Failed to save https://ledinhtuan.com/dich-vu?_rsc=1d3ij: [Errno 13] Permission denied: 'C:\\Users\\kirit\\Downloads\\test\\dich-vu'
2026-02-27 21:40:42,459 - INFO - Failed to save https://ledinhtuan.com/du-an/nha-xe-hiep-vo: [WinError 183] Cannot create a file when that file already exists: 'C:\\Users\\kirit\\Downloads\\test\\du-an'
2026-02-27 21:40:42,474 - INFO - 🔍 Crawling page: https://ledinhtuan.com/du-an/st-air
2026-02-27 21:40:42,475 - INFO - 🔍 Crawling page: https://ledinhtuan.com/du-an/st-air
2026-02-27 21:40:43,875 - INFO - Failed to save https://ledinhtuan.com/du-an/st-air: [WinError 183] Cannot create a file when that file already exists: 'C:\\Users\\kirit\\Downloads\\test\\du-an'
2026-02-27 21:40:46,344 - INFO - Failed to save https://ledinhtuan.com/dich-vu?_rsc=1hfnq: [Errno 13] Permission denied: 'C:\\Users\\kirit\\Downloads\\test\\dich-vu'
2026-02-27 21:40:47,071 - INFO - Failed to save https://ledinhtuan.com/dich-vu?_rsc=yntfu: [Errno 13] Permission denied: 'C:\\Users\\kirit\\Downloads\\test\\dich-vu'
2026-02-27 21:40:47,082 - INFO - Failed to save https://ledinhtuan.com/dich-vu?_rsc=1shyu: [Errno 13] Permission denied: 'C:\\Users\\kirit\\Downloads\\test\\dich-vu'
2026-02-27 21:40:47,098 - INFO - Failed to save https://ledinhtuan.com/dich-vu?_rsc=niqay: [Errno 13] Permission denied: 'C:\\Users\\kirit\\Downloads\\test\\dich-vu'
2026-02-27 21:40:47,565 - INFO - Failed to save https://ledinhtuan.com/du-an/st-air: [WinError 183] Cannot create a file when that file already exists: 'C:\\Users\\kirit\\Downloads\\test\\du-an'
2026-02-27 21:40:47,591 - INFO - 🔍 Crawling page: https://ledinhtuan.com/du-an/solar-xanh
2026-02-27 21:40:47,591 - INFO - 🔍 Crawling page: https://ledinhtuan.com/du-an/solar-xanh
2026-02-27 21:40:49,006 - INFO - Failed to save https://ledinhtuan.com/du-an/solar-xanh: [WinError 183] Cannot create a file when that file already exists: 'C:\\Users\\kirit\\Downloads\\test\\du-an'
2026-02-27 21:40:51,382 - INFO - Failed to save https://ledinhtuan.com/dich-vu?_rsc=f0sqn: [Errno 13] Permission denied: 'C:\\Users\\kirit\\Downloads\\test\\dich-vu'
2026-02-27 21:40:52,039 - INFO - Failed to save https://ledinhtuan.com/dich-vu?_rsc=gumpw: [Errno 13] Permission denied: 'C:\\Users\\kirit\\Downloads\\test\\dich-vu'
2026-02-27 21:40:52,083 - INFO - Failed to save https://ledinhtuan.com/dich-vu?_rsc=1eesc: [Errno 13] Permission denied: 'C:\\Users\\kirit\\Downloads\\test\\dich-vu'
2026-02-27 21:40:52,094 - INFO - Failed to save https://ledinhtuan.com/dich-vu?_rsc=avo63: [Errno 13] Permission denied: 'C:\\Users\\kirit\\Downloads\\test\\dich-vu'
2026-02-27 21:40:52,648 - INFO - Failed to save https://ledinhtuan.com/du-an/solar-xanh: [WinError 183] Cannot create a file when that file already exists: 'C:\\Users\\kirit\\Downloads\\test\\du-an'
2026-02-27 21:40:52,666 - INFO - 🔍 Crawling page: https://ledinhtuan.com/posts/ra-mat-chinh-thuc-website-ledinhtuan-com-noi-sang-tao-cham-trai-nghiem
2026-02-27 21:40:52,666 - INFO - 🔍 Crawling page: https://ledinhtuan.com/posts/ra-mat-chinh-thuc-website-ledinhtuan-com-noi-sang-tao-cham-trai-nghiem
2026-02-27 21:40:53,094 - INFO - Failed to save https://ledinhtuan.com/posts/ra-mat-chinh-thuc-website-ledinhtuan-com-noi-sang-tao-cham-trai-nghiem: [WinError 183] Cannot create a file when that file already exists: 'C:\\Users\\kirit\\Downloads\\test\\posts'
2026-02-27 21:40:56,301 - INFO - Failed to save https://ledinhtuan.com/dich-vu?_rsc=r26jk: [Errno 13] Permission denied: 'C:\\Users\\kirit\\Downloads\\test\\dich-vu'
2026-02-27 21:40:56,975 - INFO - Failed to save https://ledinhtuan.com/dich-vu?_rsc=1nruh: [Errno 13] Permission denied: 'C:\\Users\\kirit\\Downloads\\test\\dich-vu'
2026-02-27 21:40:56,976 - INFO - Failed to save https://ledinhtuan.com/dich-vu?_rsc=8ywab: [Errno 13] Permission denied: 'C:\\Users\\kirit\\Downloads\\test\\dich-vu'
2026-02-27 21:40:56,976 - INFO - Failed to save https://ledinhtuan.com/dich-vu?_rsc=hyn0j: [Errno 13] Permission denied: 'C:\\Users\\kirit\\Downloads\\test\\dich-vu'
2026-02-27 21:40:57,612 - INFO - Failed to save https://ledinhtuan.com/posts/ra-mat-chinh-thuc-website-ledinhtuan-com-noi-sang-tao-cham-trai-nghiem: [WinError 183] Cannot create a file when that file already exists: 'C:\\Users\\kirit\\Downloads\\test\\posts'
2026-02-27 21:40:57,784 - INFO - 🔎 Found 80 additional resources in HTML analysis
2026-02-27 21:40:57,784 - INFO - 🔎 Found 80 additional resources in HTML analysis
2026-02-27 21:40:59,108 - INFO - 🗺️ Discovered 1 SPA routes: /_next/image
2026-02-27 21:40:59,108 - INFO - 🗺️ Discovered 1 SPA routes: /_next/image
2026-02-27 21:40:59,146 - INFO - 
==================================================
2026-02-27 21:40:59,146 - INFO - 
==================================================
2026-02-27 21:40:59,167 - INFO - 📊 Collection Complete — 1670 resources captured
2026-02-27 21:40:59,167 - INFO - 📊 Collection Complete — 1670 resources captured
2026-02-27 21:40:59,206 - INFO -    Pages crawled: 33
2026-02-27 21:40:59,206 - INFO -    Pages crawled: 33
2026-02-27 21:40:59,219 - INFO -    🎨 css: 2
2026-02-27 21:40:59,219 - INFO -    🎨 css: 2
2026-02-27 21:40:59,241 - INFO -    🔤 font: 2
2026-02-27 21:40:59,241 - INFO -    🔤 font: 2
2026-02-27 21:40:59,269 - INFO -    📄 html: 40
2026-02-27 21:40:59,269 - INFO -    📄 html: 40
2026-02-27 21:40:59,303 - INFO -    📁 icon: 2
2026-02-27 21:40:59,303 - INFO -    📁 icon: 2
2026-02-27 21:40:59,326 - INFO -    🖼️ image: 110
2026-02-27 21:40:59,326 - INFO -    🖼️ image: 110
2026-02-27 21:40:59,361 - INFO -    ⚡ js: 45
2026-02-27 21:40:59,362 - INFO -    ⚡ js: 45
2026-02-27 21:40:59,375 - INFO -    📁 manifest: 1
2026-02-27 21:40:59,376 - INFO -    📁 manifest: 1
2026-02-27 21:40:59,388 - INFO -    🎯 svg: 1
2026-02-27 21:40:59,389 - INFO -    🎯 svg: 1
2026-02-27 21:40:59,401 - INFO -    📁 text: 1
2026-02-27 21:40:59,401 - INFO -    📁 text: 1
2026-02-27 21:40:59,416 - INFO -    📁 unknown: 1465
2026-02-27 21:40:59,417 - INFO -    📁 unknown: 1465
2026-02-27 21:40:59,433 - INFO - ==================================================

2026-02-27 21:40:59,433 - INFO - ==================================================

2026-02-27 21:40:59,457 - INFO - 🔄 Phase 2: Rewriting URLs for offline access...
2026-02-27 21:40:59,523 - INFO - 🔄 Rewriting URLs for offline access...
2026-02-27 21:40:59,698 - INFO - ⚠️ Failed to rewrite HTML du-an.html: [WinError 267] The directory name is invalid: 'C:\\Users\\kirit\\Downloads\\test\\du-an'
2026-02-27 21:40:59,788 - INFO - ⚠️ Failed to rewrite HTML posts.html: [WinError 267] The directory name is invalid: 'C:\\Users\\kirit\\Downloads\\test\\posts'
2026-02-27 21:40:59,959 - INFO - ⚠️ Failed to rewrite HTML website-ban-hang.html: [WinError 267] The directory name is invalid: 'C:\\Users\\kirit\\Downloads\\test\\du-an'
2026-02-27 21:40:59,976 - INFO - ⚠️ Failed to rewrite HTML website-doanh-nghiep.html: [WinError 267] The directory name is invalid: 'C:\\Users\\kirit\\Downloads\\test\\du-an'
2026-02-27 21:41:00,000 - INFO - ⚠️ Failed to rewrite HTML website-theo-yeu-cau.html: [WinError 267] The directory name is invalid: 'C:\\Users\\kirit\\Downloads\\test\\du-an'
2026-02-27 21:41:00,038 - INFO - ✅ Rewrote 1007 URLs across 140 HTML, 2 CSS, 45 JS files
2026-02-27 21:41:00,070 - INFO - 📊 Incremental: 🆕 1670 new
2026-02-27 21:41:00,124 - INFO - ✅ Website capture complete!
2026-02-27 21:41:00,127 - INFO -    📁 Total files: 266
2026-02-27 21:41:00,129 - INFO -    📦 Original sources: 0
2026-02-27 21:41:00,133 - INFO -    🔗 URLs rewritten: 1007
2026-02-27 21:41:00,136 - INFO -    💡 Open index.html or use Preview button!
2026-02-27 21:41:00,156 - INFO - 🔬 Framework detected: ▲ Next.js (confidence: 90%)
2026-02-27 21:41:00,174 - INFO - 📦 Generated package.json (nextjs)
2026-02-27 21:41:00,178 - INFO - 📝 Generated README.md
2026-02-27 21:41:00,192 - INFO - ⚙️ Generated serve.json (SPA routing)
2026-02-27 21:41:00,194 - INFO - 📦 Project reconstruction complete!
2026-02-27 21:41:00,197 - INFO - 🗜️ Archiving project to test.zip...
2026-02-27 21:41:01,503 - INFO - ✅ Created ZIP archive: C:\Users\kirit\Downloads\test.zip
2026-02-27 21:41:01,512 - INFO - 📊 Report: 266 files → download_summary.json
2026-02-27 21:41:01,526 - INFO - ✅ Download complete! 266 files processed.
2026-02-27 23:20:12,765 - INFO - 🌐 Preview server started at http://127.0.0.1:52347
2026-02-27 23:20:12,889 - INFO - 🔗 Opened browser: http://127.0.0.1:52347
2026-02-27 23:20:12,889 - INFO - 🌐 Preview running at http://127.0.0.1:52347
2026-02-28 10:46:52,482 - INFO - Configuration saved successfully.
2026-02-28 10:46:52,487 - INFO - 🚀 Starting download: https://aether-particles.vercel.app/
2026-02-28 10:46:52,504 - INFO - 🚀 Initializing WebGrabber v1.0...
2026-02-28 10:46:52,509 - INFO - 🔍 Analyzing URL: https://aether-particles.vercel.app/
2026-02-28 10:46:52,544 - INFO - 🎯 Detected Platform: Vercel (paas)
2026-02-28 10:46:52,562 - INFO - ⚙️ Strategy: PaasStrategy
2026-02-28 10:46:52,567 - INFO - 📥 Downloading...
2026-02-28 10:46:52,580 - INFO - Executing PaasStrategy for vercel...
2026-02-28 10:46:53,509 - INFO - ⚠️ PaasStrategy failed: Failed to get Vercel deployment info: {"error":{"code":"not_found","message":"Deployment not found"}}
2026-02-28 10:46:53,512 - INFO - 🔄 Falling back to WebsiteCaptureStrategy...
2026-02-28 10:46:53,523 - INFO - 🌐 Executing WebsiteCaptureStrategy for https://aether-particles.vercel.app/
2026-02-28 10:46:53,529 - INFO - 📡 Phase 1: Deep crawling with network interception...
2026-02-28 10:46:53,542 - INFO - 🚀 Starting deep source code extraction...
2026-02-28 10:46:53,542 - INFO - 🚀 Starting deep source code extraction...
2026-02-28 10:46:54,815 - INFO - 🔍 Crawling page: https://aether-particles.vercel.app
2026-02-28 10:46:54,816 - INFO - 🔍 Crawling page: https://aether-particles.vercel.app
2026-02-28 10:47:07,894 - INFO - 🔎 Found 1 additional resources in HTML analysis
2026-02-28 10:47:07,894 - INFO - 🔎 Found 1 additional resources in HTML analysis
2026-02-28 10:47:08,040 - INFO - 
==================================================
2026-02-28 10:47:08,040 - INFO - 
==================================================
2026-02-28 10:47:08,042 - INFO - 📊 Collection Complete — 8 resources captured
2026-02-28 10:47:08,042 - INFO - 📊 Collection Complete — 8 resources captured
2026-02-28 10:47:08,055 - INFO -    Pages crawled: 1
2026-02-28 10:47:08,056 - INFO -    Pages crawled: 1
2026-02-28 10:47:08,066 - INFO -    🎨 css: 2
2026-02-28 10:47:08,066 - INFO -    🎨 css: 2
2026-02-28 10:47:08,078 - INFO -    🔤 font: 2
2026-02-28 10:47:08,078 - INFO -    🔤 font: 2
2026-02-28 10:47:08,100 - INFO -    📄 html: 1
2026-02-28 10:47:08,100 - INFO -    📄 html: 1
2026-02-28 10:47:08,114 - INFO -    ⚡ js: 2
2026-02-28 10:47:08,114 - INFO -    ⚡ js: 2
2026-02-28 10:47:08,118 - INFO - ==================================================

2026-02-28 10:47:08,118 - INFO - ==================================================

2026-02-28 10:47:08,121 - INFO - 🔄 Phase 2: Rewriting URLs for offline access...
2026-02-28 10:47:08,126 - INFO - 🔄 Rewriting URLs for offline access...
2026-02-28 10:47:08,146 - INFO - ⚠️ Failed to rewrite JS three.js: [Errno 13] Permission denied: 'C:\\Users\\kirit\\Downloads\\test\\_external\\cdnjs.cloudflare.com\\ajax\\libs\\three.js'
2026-02-28 10:47:08,157 - INFO - ✅ Rewrote 3 URLs across 1 HTML, 1 CSS, 3 JS files
2026-02-28 10:47:08,169 - INFO - 📊 Incremental: 🆕 8 new
2026-02-28 10:47:08,186 - INFO - 🔍 Phase: Source Map Brute-force Scanner
2026-02-28 10:47:08,199 - INFO -    Scanning 2 JS files for source maps...
2026-02-28 10:47:11,018 - INFO - 
==================================================
2026-02-28 10:47:11,027 - INFO - 🔬 Source Map Brute-force Results:
2026-02-28 10:47:11,048 - INFO -    🗺️ Source maps found: 0
2026-02-28 10:47:11,061 - INFO -    📦 Source maps extracted: 0
2026-02-28 10:47:11,073 - INFO -    📄 Source files recovered: 0
2026-02-28 10:47:11,075 - INFO -    ⚠️ No source maps found (site may not expose them)
2026-02-28 10:47:11,079 - INFO - ==================================================

2026-02-28 10:47:11,088 - INFO - ⚠️ Source Map Brute-force warning: cannot access local variable 'source_count' where it is not associated with a value
2026-02-28 10:47:11,092 - INFO - 🔧 Phase: Webpack Bundle Debundler
2026-02-28 10:47:11,104 - INFO -    Scanning 3 JS bundle files...
2026-02-28 10:47:11,127 - INFO -    🎨 Beautifying 2 JS bundles...
2026-02-28 10:47:14,057 - INFO - 
==================================================
2026-02-28 10:47:14,061 - INFO - 🔧 Webpack Debundler Results:
2026-02-28 10:47:14,064 - INFO -    📦 Webpack modules extracted: 0
2026-02-28 10:47:14,072 - INFO -    ⚛️ React components detected: 0
2026-02-28 10:47:14,078 - INFO -    💾 Files saved: 2
2026-02-28 10:47:14,088 - INFO - ==================================================

2026-02-28 10:47:14,091 - INFO - 🔍 Phase: Next.js Deep Reconnaissance
2026-02-28 10:47:14,095 - INFO -    ℹ️ Not a Next.js site (no BUILD_ID found)
2026-02-28 10:47:14,105 - INFO - 🔍 Phase: Git Repository Discovery
2026-02-28 10:47:14,548 - INFO -    ℹ️ No public Git repository found
2026-02-28 10:47:14,557 - INFO - ✅ Website capture complete!
2026-02-28 10:47:14,561 - INFO -    📁 Total files: 8
2026-02-28 10:47:14,571 - INFO - ❌ Error during website capture: cannot access local variable 'source_count' where it is not associated with a value
2026-02-28 10:47:14,585 - INFO - Traceback (most recent call last):
  File "C:\Users\kirit\Downloads\tool-dow-code\webgrabber\webgrabber\core\orchestrator.py", line 84, in run_intelligent_capture
    file_tree = await strategy_instance.download()
                ^^^^^^^^^^^^^^^^^^^^^^^^^^^^^^^^^^
  File "C:\Users\kirit\Downloads\tool-dow-code\webgrabber\webgrabber\strategies\paas_strategy.py", line 61, in download
    return await self._download_vercel(token)
           ^^^^^^^^^^^^^^^^^^^^^^^^^^^^^^^^^^
  File "C:\Users\kirit\Downloads\tool-dow-code\webgrabber\webgrabber\strategies\paas_strategy.py", line 84, in _download_vercel
    raise Exception(f"Failed to get Vercel deployment info: {await resp.text()}")
Exception: Failed to get Vercel deployment info: {"error":{"code":"not_found","message":"Deployment not found"}}

During handling of the above exception, another exception occurred:

Traceback (most recent call last):
  File "C:\Users\kirit\Downloads\tool-dow-code\webgrabber\webgrabber\strategies\website_strategy.py", line 200, in download
    self.log_callback(f"   📦 Original sources recovered: {source_count}")
                                                           ^^^^^^^^^^^^
UnboundLocalError: cannot access local variable 'source_count' where it is not associated with a value

2026-02-28 10:47:14,586 - INFO - ❌ Error: cannot access local variable 'source_count' where it is not associated with a value
2026-02-28 10:47:14,603 - INFO - ❌ Error: cannot access local variable 'source_count' where it is not associated with a value
Traceback (most recent call last):
  File "C:\Users\kirit\Downloads\tool-dow-code\webgrabber\webgrabber\core\orchestrator.py", line 84, in run_intelligent_capture
    file_tree = await strategy_instance.download()
                ^^^^^^^^^^^^^^^^^^^^^^^^^^^^^^^^^^
  File "C:\Users\kirit\Downloads\tool-dow-code\webgrabber\webgrabber\strategies\paas_strategy.py", line 61, in download
    return await self._download_vercel(token)
           ^^^^^^^^^^^^^^^^^^^^^^^^^^^^^^^^^^
  File "C:\Users\kirit\Downloads\tool-dow-code\webgrabber\webgrabber\strategies\paas_strategy.py", line 84, in _download_vercel
    raise Exception(f"Failed to get Vercel deployment info: {await resp.text()}")
Exception: Failed to get Vercel deployment info: {"error":{"code":"not_found","message":"Deployment not found"}}

During handling of the above exception, another exception occurred:

Traceback (most recent call last):
  File "C:\Users\kirit\Downloads\tool-dow-code\webgrabber\webgrabber\core\gui.py", line 557, in run_async
    file_tree = asyncio.run(run_intelligent_capture(
        url=url_input, output_dir=folder,
    ...<2 lines>...
        cancel_event=self.cancel_event
    ))
  File "C:\Program Files\Python313\Lib\asyncio\runners.py", line 194, in run
    return runner.run(main)
           ~~~~~~~~~~^^^^^^
  File "C:\Program Files\Python313\Lib\asyncio\runners.py", line 118, in run
    return self._loop.run_until_complete(task)
           ~~~~~~~~~~~~~~~~~~~~~~~~~~~~~^^^^^^
  File "C:\Program Files\Python313\Lib\asyncio\base_events.py", line 720, in run_until_complete
    return future.result()
           ~~~~~~~~~~~~~^^
  File "C:\Users\kirit\Downloads\tool-dow-code\webgrabber\webgrabber\core\orchestrator.py", line 99, in run_intelligent_capture
    file_tree = await fallback.download()
                ^^^^^^^^^^^^^^^^^^^^^^^^^
  File "C:\Users\kirit\Downloads\tool-dow-code\webgrabber\webgrabber\strategies\website_strategy.py", line 200, in download
    self.log_callback(f"   📦 Original sources recovered: {source_count}")
                                                           ^^^^^^^^^^^^
UnboundLocalError: cannot access local variable 'source_count' where it is not associated with a value

2026-02-28 10:51:06,029 - INFO - Configuration saved successfully.
2026-02-28 10:51:06,039 - INFO - 🚀 Starting download: https://aether-particles.vercel.app
2026-02-28 10:51:06,066 - INFO - 🚀 Initializing WebGrabber v1.0...
2026-02-28 10:51:06,075 - INFO - 🔍 Analyzing URL: https://aether-particles.vercel.app
2026-02-28 10:51:06,108 - INFO - 🎯 Detected Platform: Vercel (paas)
2026-02-28 10:51:06,127 - INFO - ⚙️ Strategy: PaasStrategy
2026-02-28 10:51:06,132 - INFO - 📥 Downloading...
2026-02-28 10:51:06,143 - INFO - Executing PaasStrategy for vercel...
2026-02-28 10:51:07,048 - INFO - ⚠️ PaasStrategy failed: Failed to get Vercel deployment info: {"error":{"code":"not_found","message":"Deployment not found"}}
2026-02-28 10:51:07,056 - INFO - 🔄 Falling back to WebsiteCaptureStrategy...
2026-02-28 10:51:07,067 - INFO - 🌐 Executing WebsiteCaptureStrategy for https://aether-particles.vercel.app
2026-02-28 10:51:07,074 - INFO - 📡 Phase 1: Deep crawling with network interception...
2026-02-28 10:51:07,091 - INFO - 🚀 Starting deep source code extraction...
2026-02-28 10:51:07,092 - INFO - 🚀 Starting deep source code extraction...
2026-02-28 10:51:08,015 - INFO - 🔍 Crawling page: https://aether-particles.vercel.app
2026-02-28 10:51:08,015 - INFO - 🔍 Crawling page: https://aether-particles.vercel.app
2026-02-28 10:51:11,296 - INFO - 🔎 Found 1 additional resources in HTML analysis
2026-02-28 10:51:11,296 - INFO - 🔎 Found 1 additional resources in HTML analysis
2026-02-28 10:51:11,568 - INFO - 
==================================================
2026-02-28 10:51:11,568 - INFO - 
==================================================
2026-02-28 10:51:11,583 - INFO - 📊 Collection Complete — 8 resources captured
2026-02-28 10:51:11,583 - INFO - 📊 Collection Complete — 8 resources captured
2026-02-28 10:51:11,604 - INFO -    Pages crawled: 1
2026-02-28 10:51:11,604 - INFO -    Pages crawled: 1
2026-02-28 10:51:11,615 - INFO -    🎨 css: 2
2026-02-28 10:51:11,615 - INFO -    🎨 css: 2
2026-02-28 10:51:11,635 - INFO -    🔤 font: 2
2026-02-28 10:51:11,636 - INFO -    🔤 font: 2
2026-02-28 10:51:11,658 - INFO -    📄 html: 1
2026-02-28 10:51:11,658 - INFO -    📄 html: 1
2026-02-28 10:51:11,679 - INFO -    ⚡ js: 2
2026-02-28 10:51:11,679 - INFO -    ⚡ js: 2
2026-02-28 10:51:11,695 - INFO - ==================================================

2026-02-28 10:51:11,695 - INFO - ==================================================

2026-02-28 10:51:11,709 - INFO - 🔄 Phase 2: Rewriting URLs for offline access...
2026-02-28 10:51:11,723 - INFO - 🔄 Rewriting URLs for offline access...
2026-02-28 10:51:11,743 - INFO - ⚠️ Failed to rewrite JS three.js: [Errno 13] Permission denied: 'C:\\Users\\kirit\\Downloads\\test\\_external\\cdnjs.cloudflare.com\\ajax\\libs\\three.js'
2026-02-28 10:51:11,755 - INFO - ✅ Rewrote 3 URLs across 1 HTML, 1 CSS, 3 JS files
2026-02-28 10:51:11,766 - INFO - 📊 Incremental: 🆕 8 new
2026-02-28 10:51:11,785 - INFO - 🔍 Phase: Source Map Brute-force Scanner
2026-02-28 10:51:11,797 - INFO -    Scanning 2 JS files for source maps...
2026-02-28 10:51:14,467 - INFO - 
==================================================
2026-02-28 10:51:14,472 - INFO - 🔬 Source Map Brute-force Results:
2026-02-28 10:51:14,489 - INFO -    🗺️ Source maps found: 0
2026-02-28 10:51:14,504 - INFO -    📦 Source maps extracted: 0
2026-02-28 10:51:14,517 - INFO -    📄 Source files recovered: 0
2026-02-28 10:51:14,522 - INFO -    ⚠️ No source maps found (site may not expose them)
2026-02-28 10:51:14,533 - INFO - ==================================================

2026-02-28 10:51:14,544 - INFO - 🔧 Phase: Webpack Bundle Debundler
2026-02-28 10:51:14,556 - INFO -    Scanning 3 JS bundle files...
2026-02-28 10:51:14,579 - INFO -    🎨 Beautifying 2 JS bundles...
2026-02-28 10:51:17,430 - INFO - 
==================================================
2026-02-28 10:51:17,433 - INFO - 🔧 Webpack Debundler Results:
2026-02-28 10:51:17,436 - INFO -    📦 Webpack modules extracted: 0
2026-02-28 10:51:17,439 - INFO -    ⚛️ React components detected: 0
2026-02-28 10:51:17,450 - INFO -    💾 Files saved: 2
2026-02-28 10:51:17,459 - INFO - ==================================================

2026-02-28 10:51:17,464 - INFO - 🔍 Phase: Next.js Deep Reconnaissance
2026-02-28 10:51:17,467 - INFO -    ℹ️ Not a Next.js site (no BUILD_ID found)
2026-02-28 10:51:17,470 - INFO - 🔍 Phase: Git Repository Discovery
2026-02-28 10:51:17,673 - INFO -    ℹ️ No public Git repository found
2026-02-28 10:51:17,683 - INFO - ✅ Website capture complete!
2026-02-28 10:51:17,686 - INFO -    📁 Total files: 8
2026-02-28 10:51:17,696 - INFO -    📦 Original sources recovered: 0
2026-02-28 10:51:17,699 - INFO -    🔗 URLs rewritten: 3
2026-02-28 10:51:17,702 - INFO -    💡 Check _source_maps/ and _recovered_source/ for original code!
2026-02-28 10:51:17,714 - INFO - 🔬 Framework detected: ❓ Unknown framework
2026-02-28 10:51:17,731 - INFO - 📦 Generated package.json (static)
2026-02-28 10:51:17,736 - INFO - 📝 Generated README.md
2026-02-28 10:51:17,747 - INFO - ⚙️ Generated serve.json (SPA routing)
2026-02-28 10:51:17,761 - INFO - 📦 Project reconstruction complete!
2026-02-28 10:51:17,772 - INFO - 🗜️ Archiving project to test.zip...
2026-02-28 10:51:17,830 - INFO - ✅ Created ZIP archive: C:\Users\kirit\Downloads\test.zip
2026-02-28 10:51:17,835 - INFO - 📊 Report: 8 files → download_summary.json
2026-02-28 10:51:17,852 - INFO - ✅ Download complete! 8 files in 11.8s
2026-02-28 10:52:20,605 - INFO - 🌐 Preview server started at http://127.0.0.1:57999
2026-02-28 10:52:20,691 - INFO - 🔗 Opened browser: http://127.0.0.1:57999
2026-02-28 10:52:20,691 - INFO - 🌐 Preview: http://127.0.0.1:57999
2026-02-28 10:52:24,219 - INFO - Configuration saved successfully.
2026-02-28 10:52:24,227 - INFO - 🚀 Starting download: https://trungthu-ivory.vercel.app
2026-02-28 10:52:24,232 - INFO - 🚀 Initializing WebGrabber v1.0...
2026-02-28 10:52:24,236 - INFO - 🔍 Analyzing URL: https://trungthu-ivory.vercel.app
2026-02-28 10:52:24,239 - INFO - 🎯 Detected Platform: Vercel (paas)
2026-02-28 10:52:24,244 - INFO - ⚙️ Strategy: PaasStrategy
2026-02-28 10:52:24,248 - INFO - 📥 Downloading...
2026-02-28 10:52:24,252 - INFO - Executing PaasStrategy for vercel...
2026-02-28 10:52:25,227 - INFO - ⚠️ PaasStrategy failed: Failed to get Vercel deployment info: {"error":{"code":"not_found","message":"Deployment not found"}}
2026-02-28 10:52:25,234 - INFO - 🔄 Falling back to WebsiteCaptureStrategy...
2026-02-28 10:52:25,239 - INFO - 🌐 Executing WebsiteCaptureStrategy for https://trungthu-ivory.vercel.app
2026-02-28 10:52:25,253 - INFO - 📡 Phase 1: Deep crawling with network interception...
2026-02-28 10:52:25,256 - INFO - 🚀 Starting deep source code extraction...
2026-02-28 10:52:25,256 - INFO - 🚀 Starting deep source code extraction...
2026-02-28 10:52:26,151 - INFO - 🔍 Crawling page: https://trungthu-ivory.vercel.app
2026-02-28 10:52:26,151 - INFO - 🔍 Crawling page: https://trungthu-ivory.vercel.app
2026-02-28 10:52:32,283 - INFO - 🔎 Found 5 additional resources in HTML analysis
2026-02-28 10:52:32,283 - INFO - 🔎 Found 5 additional resources in HTML analysis
2026-02-28 10:52:33,767 - INFO - 
==================================================
2026-02-28 10:52:33,768 - INFO - 
==================================================
2026-02-28 10:52:33,776 - INFO - 📊 Collection Complete — 22 resources captured
2026-02-28 10:52:33,777 - INFO - 📊 Collection Complete — 22 resources captured
2026-02-28 10:52:33,787 - INFO -    Pages crawled: 1
2026-02-28 10:52:33,787 - INFO -    Pages crawled: 1
2026-02-28 10:52:33,790 - INFO -    📁 audio: 2
2026-02-28 10:52:33,790 - INFO -    📁 audio: 2
2026-02-28 10:52:33,800 - INFO -    🎨 css: 3
2026-02-28 10:52:33,801 - INFO -    🎨 css: 3
2026-02-28 10:52:33,804 - INFO -    🔤 font: 3
2026-02-28 10:52:33,805 - INFO -    🔤 font: 3
2026-02-28 10:52:33,807 - INFO -    📄 html: 1
2026-02-28 10:52:33,807 - INFO -    📄 html: 1
2026-02-28 10:52:33,819 - INFO -    🖼️ image: 12
2026-02-28 10:52:33,819 - INFO -    🖼️ image: 12
2026-02-28 10:52:33,830 - INFO - ==================================================

2026-02-28 10:52:33,830 - INFO - ==================================================

2026-02-28 10:52:33,839 - INFO - 🔄 Phase 2: Rewriting URLs for offline access...
2026-02-28 10:52:33,846 - INFO - 🔄 Rewriting URLs for offline access...
2026-02-28 10:52:33,868 - INFO - ✅ Rewrote 6 URLs across 1 HTML, 2 CSS, 0 JS files
2026-02-28 10:52:33,882 - INFO - 📊 Incremental: 🆕 22 new
2026-02-28 10:52:33,892 - INFO - 🔧 Phase: Webpack Bundle Debundler
2026-02-28 10:52:33,896 - INFO -    Scanning 0 JS bundle files...
2026-02-28 10:52:33,907 - INFO - 
==================================================
2026-02-28 10:52:33,911 - INFO - 🔧 Webpack Debundler Results:
2026-02-28 10:52:33,920 - INFO -    📦 Webpack modules extracted: 0
2026-02-28 10:52:33,923 - INFO -    ⚛️ React components detected: 0
2026-02-28 10:52:33,928 - INFO -    💾 Files saved: 0
2026-02-28 10:52:33,938 - INFO - ==================================================

2026-02-28 10:52:33,949 - INFO - 🔍 Phase: Next.js Deep Reconnaissance
2026-02-28 10:52:33,952 - INFO -    ℹ️ Not a Next.js site (no BUILD_ID found)
2026-02-28 10:52:33,961 - INFO - 🔍 Phase: Git Repository Discovery
2026-02-28 10:52:34,142 - INFO -    ℹ️ No public Git repository found
2026-02-28 10:52:34,151 - INFO - ✅ Website capture complete!
2026-02-28 10:52:34,155 - INFO -    📁 Total files: 20
2026-02-28 10:52:34,159 - INFO -    📦 Original sources recovered: 0
2026-02-28 10:52:34,169 - INFO -    🔗 URLs rewritten: 6
2026-02-28 10:52:34,172 - INFO -    💡 Check _source_maps/ and _recovered_source/ for original code!
2026-02-28 10:52:34,181 - INFO - 🔬 Framework detected: ❓ Unknown framework
2026-02-28 10:52:34,185 - INFO - 📦 Generated package.json (static)
2026-02-28 10:52:34,197 - INFO - 📝 Generated README.md
2026-02-28 10:52:34,202 - INFO - ⚙️ Generated serve.json (SPA routing)
2026-02-28 10:52:34,205 - INFO - 📦 Project reconstruction complete!
2026-02-28 10:52:34,210 - INFO - 📊 Report: 20 files → download_summary.json
2026-02-28 10:52:34,222 - INFO - ✅ Download complete! 20 files in 10.0s
